[debug] [2025-01-06T22:04:20.269Z] ----------------------------------------------------------------------
[debug] [2025-01-06T22:04:20.272Z] Command:       C:\Users\kacpe\Desktop\kacpers-react-portfolio\node_modules\node\bin\node.exe C:\Users\kacpe\AppData\Roaming\npm\node_modules\firebase-tools\lib\bin\firebase.js deploy
[debug] [2025-01-06T22:04:20.272Z] CLI Version:   13.29.1
[debug] [2025-01-06T22:04:20.272Z] Platform:      win32
[debug] [2025-01-06T22:04:20.272Z] Node Version:  v21.2.0
[debug] [2025-01-06T22:04:20.273Z] Time:          Mon Jan 06 2025 22:04:20 GMT+0000 (Greenwich Mean Time)
[debug] [2025-01-06T22:04:20.273Z] ----------------------------------------------------------------------
[debug] 
[debug] [2025-01-06T22:04:20.352Z] > command requires scopes: ["email","openid","https://www.googleapis.com/auth/cloudplatformprojects.readonly","https://www.googleapis.com/auth/firebase","https://www.googleapis.com/auth/cloud-platform"]
[debug] [2025-01-06T22:04:20.352Z] > authorizing via signed-in user (kacperagatowski@gmail.com)
[debug] [2025-01-06T22:04:20.352Z] [iam] checking project portfolio-react-92097 for permissions ["firebase.projects.get","firebasehosting.sites.update"]
[debug] [2025-01-06T22:04:20.354Z] Checked if tokens are valid: false, expires at: 1717773542954
[debug] [2025-01-06T22:04:20.354Z] Checked if tokens are valid: false, expires at: 1717773542954
[debug] [2025-01-06T22:04:20.354Z] > refreshing access token with scopes: []
[debug] [2025-01-06T22:04:20.355Z] >>> [apiv2][query] POST https://www.googleapis.com/oauth2/v3/token [none]
[debug] [2025-01-06T22:04:20.355Z] >>> [apiv2][body] POST https://www.googleapis.com/oauth2/v3/token [omitted]
[debug] [2025-01-06T22:04:20.459Z] <<< [apiv2][status] POST https://www.googleapis.com/oauth2/v3/token 400
[debug] [2025-01-06T22:04:20.459Z] <<< [apiv2][body] POST https://www.googleapis.com/oauth2/v3/token [omitted]
[debug] [2025-01-06T22:04:20.459Z] >>> [apiv2][query] POST https://cloudresourcemanager.googleapis.com/v1/projects/portfolio-react-92097:testIamPermissions [none]
[debug] [2025-01-06T22:04:20.459Z] >>> [apiv2][(partial)header] POST https://cloudresourcemanager.googleapis.com/v1/projects/portfolio-react-92097:testIamPermissions x-goog-quota-user=projects/portfolio-react-92097
[debug] [2025-01-06T22:04:20.459Z] >>> [apiv2][body] POST https://cloudresourcemanager.googleapis.com/v1/projects/portfolio-react-92097:testIamPermissions {"permissions":["firebase.projects.get","firebasehosting.sites.update"]}
[debug] [2025-01-06T22:04:21.096Z] <<< [apiv2][status] POST https://cloudresourcemanager.googleapis.com/v1/projects/portfolio-react-92097:testIamPermissions 401
[debug] [2025-01-06T22:04:21.096Z] <<< [apiv2][body] POST https://cloudresourcemanager.googleapis.com/v1/projects/portfolio-react-92097:testIamPermissions {"error":{"code":401,"message":"Request had invalid authentication credentials. Expected OAuth 2 access token, login cookie or other valid authentication credential. See https://developers.google.com/identity/sign-in/web/devconsole-project.","status":"UNAUTHENTICATED","details":[{"@type":"type.googleapis.com/google.rpc.ErrorInfo","reason":"ACCESS_TOKEN_TYPE_UNSUPPORTED","metadata":{"method":"google.cloudresourcemanager.v1.Projects.TestIamPermissions","service":"cloudresourcemanager.googleapis.com"}}]}}
[debug] [2025-01-06T22:04:21.096Z] Got a 401 Unauthenticated error for a call that required authentication. Refreshing tokens.
[debug] [2025-01-06T22:04:21.096Z] Checked if tokens are valid: false, expires at: 1717773542954
[debug] [2025-01-06T22:04:21.096Z] Checked if tokens are valid: false, expires at: 1717773542954
[debug] [2025-01-06T22:04:21.096Z] > refreshing access token with scopes: []
[debug] [2025-01-06T22:04:21.096Z] >>> [apiv2][query] POST https://www.googleapis.com/oauth2/v3/token [none]
[debug] [2025-01-06T22:04:21.097Z] >>> [apiv2][body] POST https://www.googleapis.com/oauth2/v3/token [omitted]
[debug] [2025-01-06T22:04:21.132Z] <<< [apiv2][status] POST https://www.googleapis.com/oauth2/v3/token 400
[debug] [2025-01-06T22:04:21.133Z] <<< [apiv2][body] POST https://www.googleapis.com/oauth2/v3/token [omitted]
[debug] [2025-01-06T22:04:21.133Z] [iam] error while checking permissions, command may fail: Request to https://cloudresourcemanager.googleapis.com/v1/projects/portfolio-react-92097:testIamPermissions had HTTP Error: 401, Request had invalid authentication credentials. Expected OAuth 2 access token, login cookie or other valid authentication credential. See https://developers.google.com/identity/sign-in/web/devconsole-project.
[debug] [2025-01-06T22:04:21.134Z] Checked if tokens are valid: false, expires at: 1717773542954
[debug] [2025-01-06T22:04:21.134Z] Checked if tokens are valid: false, expires at: 1717773542954
[debug] [2025-01-06T22:04:21.134Z] > refreshing access token with scopes: []
[debug] [2025-01-06T22:04:21.134Z] >>> [apiv2][query] POST https://www.googleapis.com/oauth2/v3/token [none]
[debug] [2025-01-06T22:04:21.134Z] >>> [apiv2][body] POST https://www.googleapis.com/oauth2/v3/token [omitted]
[debug] [2025-01-06T22:04:21.173Z] <<< [apiv2][status] POST https://www.googleapis.com/oauth2/v3/token 400
[debug] [2025-01-06T22:04:21.173Z] <<< [apiv2][body] POST https://www.googleapis.com/oauth2/v3/token [omitted]
[debug] [2025-01-06T22:04:21.173Z] >>> [apiv2][query] GET https://firebase.googleapis.com/v1beta1/projects/portfolio-react-92097 [none]
[debug] [2025-01-06T22:04:21.292Z] <<< [apiv2][status] GET https://firebase.googleapis.com/v1beta1/projects/portfolio-react-92097 401
[debug] [2025-01-06T22:04:21.292Z] <<< [apiv2][body] GET https://firebase.googleapis.com/v1beta1/projects/portfolio-react-92097 {"error":{"code":401,"message":"Request had invalid authentication credentials. Expected OAuth 2 access token, login cookie or other valid authentication credential. See https://developers.google.com/identity/sign-in/web/devconsole-project.","status":"UNAUTHENTICATED"}}
[debug] [2025-01-06T22:04:21.292Z] Got a 401 Unauthenticated error for a call that required authentication. Refreshing tokens.
[debug] [2025-01-06T22:04:21.292Z] Checked if tokens are valid: false, expires at: 1717773542954
[debug] [2025-01-06T22:04:21.292Z] Checked if tokens are valid: false, expires at: 1717773542954
[debug] [2025-01-06T22:04:21.292Z] > refreshing access token with scopes: []
[debug] [2025-01-06T22:04:21.292Z] >>> [apiv2][query] POST https://www.googleapis.com/oauth2/v3/token [none]
[debug] [2025-01-06T22:04:21.292Z] >>> [apiv2][body] POST https://www.googleapis.com/oauth2/v3/token [omitted]
[debug] [2025-01-06T22:04:21.326Z] <<< [apiv2][status] POST https://www.googleapis.com/oauth2/v3/token 400
[debug] [2025-01-06T22:04:21.326Z] <<< [apiv2][body] POST https://www.googleapis.com/oauth2/v3/token [omitted]
[debug] [2025-01-06T22:04:21.326Z] Request to https://firebase.googleapis.com/v1beta1/projects/portfolio-react-92097 had HTTP Error: 401, Request had invalid authentication credentials. Expected OAuth 2 access token, login cookie or other valid authentication credential. See https://developers.google.com/identity/sign-in/web/devconsole-project.
[error] 
[error] Error: Assertion failed: resolving hosting target of a site with no site name or target name. This should have caused an error earlier
[debug] [2025-01-06T22:05:41.994Z] ----------------------------------------------------------------------
[debug] [2025-01-06T22:05:41.996Z] Command:       C:\Users\kacpe\Desktop\kacpers-react-portfolio\node_modules\node\bin\node.exe C:\Users\kacpe\AppData\Roaming\npm\node_modules\firebase-tools\lib\bin\firebase.js deploy
[debug] [2025-01-06T22:05:41.996Z] CLI Version:   13.29.1
[debug] [2025-01-06T22:05:41.997Z] Platform:      win32
[debug] [2025-01-06T22:05:41.997Z] Node Version:  v21.2.0
[debug] [2025-01-06T22:05:41.997Z] Time:          Mon Jan 06 2025 22:05:41 GMT+0000 (Greenwich Mean Time)
[debug] [2025-01-06T22:05:41.997Z] ----------------------------------------------------------------------
[debug] 
[debug] [2025-01-06T22:05:42.050Z] > command requires scopes: ["email","openid","https://www.googleapis.com/auth/cloudplatformprojects.readonly","https://www.googleapis.com/auth/firebase","https://www.googleapis.com/auth/cloud-platform"]
[debug] [2025-01-06T22:05:42.051Z] > authorizing via signed-in user (kacperagatowski@gmail.com)
[debug] [2025-01-06T22:05:42.051Z] [iam] checking project portfolio-react-92097 for permissions ["firebase.projects.get","firebasehosting.sites.update"]
[debug] [2025-01-06T22:05:42.052Z] Checked if tokens are valid: false, expires at: 1717773542954
[debug] [2025-01-06T22:05:42.052Z] Checked if tokens are valid: false, expires at: 1717773542954
[debug] [2025-01-06T22:05:42.052Z] > refreshing access token with scopes: []
[debug] [2025-01-06T22:05:42.053Z] >>> [apiv2][query] POST https://www.googleapis.com/oauth2/v3/token [none]
[debug] [2025-01-06T22:05:42.054Z] >>> [apiv2][body] POST https://www.googleapis.com/oauth2/v3/token [omitted]
[debug] [2025-01-06T22:05:42.152Z] <<< [apiv2][status] POST https://www.googleapis.com/oauth2/v3/token 400
[debug] [2025-01-06T22:05:42.152Z] <<< [apiv2][body] POST https://www.googleapis.com/oauth2/v3/token [omitted]
[debug] [2025-01-06T22:05:42.152Z] >>> [apiv2][query] POST https://cloudresourcemanager.googleapis.com/v1/projects/portfolio-react-92097:testIamPermissions [none]
[debug] [2025-01-06T22:05:42.153Z] >>> [apiv2][(partial)header] POST https://cloudresourcemanager.googleapis.com/v1/projects/portfolio-react-92097:testIamPermissions x-goog-quota-user=projects/portfolio-react-92097
[debug] [2025-01-06T22:05:42.153Z] >>> [apiv2][body] POST https://cloudresourcemanager.googleapis.com/v1/projects/portfolio-react-92097:testIamPermissions {"permissions":["firebase.projects.get","firebasehosting.sites.update"]}
[debug] [2025-01-06T22:05:42.793Z] <<< [apiv2][status] POST https://cloudresourcemanager.googleapis.com/v1/projects/portfolio-react-92097:testIamPermissions 401
[debug] [2025-01-06T22:05:42.793Z] <<< [apiv2][body] POST https://cloudresourcemanager.googleapis.com/v1/projects/portfolio-react-92097:testIamPermissions {"error":{"code":401,"message":"Request had invalid authentication credentials. Expected OAuth 2 access token, login cookie or other valid authentication credential. See https://developers.google.com/identity/sign-in/web/devconsole-project.","status":"UNAUTHENTICATED","details":[{"@type":"type.googleapis.com/google.rpc.ErrorInfo","reason":"ACCESS_TOKEN_TYPE_UNSUPPORTED","metadata":{"method":"google.cloudresourcemanager.v1.Projects.TestIamPermissions","service":"cloudresourcemanager.googleapis.com"}}]}}
[debug] [2025-01-06T22:05:42.793Z] Got a 401 Unauthenticated error for a call that required authentication. Refreshing tokens.
[debug] [2025-01-06T22:05:42.794Z] Checked if tokens are valid: false, expires at: 1717773542954
[debug] [2025-01-06T22:05:42.794Z] Checked if tokens are valid: false, expires at: 1717773542954
[debug] [2025-01-06T22:05:42.794Z] > refreshing access token with scopes: []
[debug] [2025-01-06T22:05:42.794Z] >>> [apiv2][query] POST https://www.googleapis.com/oauth2/v3/token [none]
[debug] [2025-01-06T22:05:42.794Z] >>> [apiv2][body] POST https://www.googleapis.com/oauth2/v3/token [omitted]
[debug] [2025-01-06T22:05:42.831Z] <<< [apiv2][status] POST https://www.googleapis.com/oauth2/v3/token 400
[debug] [2025-01-06T22:05:42.831Z] <<< [apiv2][body] POST https://www.googleapis.com/oauth2/v3/token [omitted]
[debug] [2025-01-06T22:05:42.832Z] [iam] error while checking permissions, command may fail: Request to https://cloudresourcemanager.googleapis.com/v1/projects/portfolio-react-92097:testIamPermissions had HTTP Error: 401, Request had invalid authentication credentials. Expected OAuth 2 access token, login cookie or other valid authentication credential. See https://developers.google.com/identity/sign-in/web/devconsole-project.
[debug] [2025-01-06T22:05:42.833Z] Checked if tokens are valid: false, expires at: 1717773542954
[debug] [2025-01-06T22:05:42.833Z] Checked if tokens are valid: false, expires at: 1717773542954
[debug] [2025-01-06T22:05:42.833Z] > refreshing access token with scopes: []
[debug] [2025-01-06T22:05:42.833Z] >>> [apiv2][query] POST https://www.googleapis.com/oauth2/v3/token [none]
[debug] [2025-01-06T22:05:42.833Z] >>> [apiv2][body] POST https://www.googleapis.com/oauth2/v3/token [omitted]
[debug] [2025-01-06T22:05:42.869Z] <<< [apiv2][status] POST https://www.googleapis.com/oauth2/v3/token 400
[debug] [2025-01-06T22:05:42.869Z] <<< [apiv2][body] POST https://www.googleapis.com/oauth2/v3/token [omitted]
[debug] [2025-01-06T22:05:42.869Z] >>> [apiv2][query] GET https://firebase.googleapis.com/v1beta1/projects/portfolio-react-92097 [none]
[debug] [2025-01-06T22:05:42.984Z] <<< [apiv2][status] GET https://firebase.googleapis.com/v1beta1/projects/portfolio-react-92097 401
[debug] [2025-01-06T22:05:42.984Z] <<< [apiv2][body] GET https://firebase.googleapis.com/v1beta1/projects/portfolio-react-92097 {"error":{"code":401,"message":"Request had invalid authentication credentials. Expected OAuth 2 access token, login cookie or other valid authentication credential. See https://developers.google.com/identity/sign-in/web/devconsole-project.","status":"UNAUTHENTICATED"}}
[debug] [2025-01-06T22:05:42.984Z] Got a 401 Unauthenticated error for a call that required authentication. Refreshing tokens.
[debug] [2025-01-06T22:05:42.984Z] Checked if tokens are valid: false, expires at: 1717773542954
[debug] [2025-01-06T22:05:42.984Z] Checked if tokens are valid: false, expires at: 1717773542954
[debug] [2025-01-06T22:05:42.984Z] > refreshing access token with scopes: []
[debug] [2025-01-06T22:05:42.985Z] >>> [apiv2][query] POST https://www.googleapis.com/oauth2/v3/token [none]
[debug] [2025-01-06T22:05:42.985Z] >>> [apiv2][body] POST https://www.googleapis.com/oauth2/v3/token [omitted]
[debug] [2025-01-06T22:05:43.026Z] <<< [apiv2][status] POST https://www.googleapis.com/oauth2/v3/token 400
[debug] [2025-01-06T22:05:43.026Z] <<< [apiv2][body] POST https://www.googleapis.com/oauth2/v3/token [omitted]
[debug] [2025-01-06T22:05:43.026Z] Request to https://firebase.googleapis.com/v1beta1/projects/portfolio-react-92097 had HTTP Error: 401, Request had invalid authentication credentials. Expected OAuth 2 access token, login cookie or other valid authentication credential. See https://developers.google.com/identity/sign-in/web/devconsole-project.
[error] 
[error] Error: Assertion failed: resolving hosting target of a site with no site name or target name. This should have caused an error earlier
